<?xml version="1.0" encoding="UTF-8"?>
<!-- Generated by org.testng.reporters.JUnitReportReporter -->
<testsuite skipped="0" hostname="DESKTOP-JO95MPE" name="VisionLOCTestCases.RenewalCreateRequestVendorDisruptionReport.RenewalCreateRequestVendorDisruptionReport" tests="1" failures="0" timestamp="2020-10-21T18:29:21 IST" time="91.339" errors="0">
  <testcase name="renewalCreateRequestVendorDisruptionReport" time="91.339" classname="VisionLOCTestCases.RenewalCreateRequestVendorDisruptionReport.RenewalCreateRequestVendorDisruptionReport"/>
  <system-out>
<a target="_blank" href=Wed_Oct_21_18_29_16_IST_2020.jpg>Click To See Screenshot</a> <br> <a target="_blank" href=Wed_Oct_21_18_29_16_IST_2020.jpg><img src=Wed_Oct_21_18_29_16_IST_2020.jpg height=200 width=200></img></a>  </system-out>
</testsuite> <!-- VisionLOCTestCases.RenewalCreateRequestVendorDisruptionReport.RenewalCreateRequestVendorDisruptionReport -->
