<?xml version="1.0" encoding="UTF-8"?>
<!-- Generated by org.testng.reporters.JUnitReportReporter -->
<testsuite skipped="0" hostname="DESKTOP-JO95MPE" name="MedicalLOCTestCases.CreateMarketingCensusRequest.CreateMarketingCensusRequest" tests="1" failures="0" timestamp="2020-10-22T18:01:05 IST" time="196.901" errors="0">
  <testcase name="createMarketingCensusRequest" time="196.901" classname="MedicalLOCTestCases.CreateMarketingCensusRequest.CreateMarketingCensusRequest"/>
  <system-out>
Login Successfully <a target="_blank" href=Thu_Oct_22_18_01_01_IST_2020.jpg>Click To See Screenshot</a> <br> <a target="_blank" href=Thu_Oct_22_18_01_01_IST_2020.jpg><img src=Thu_Oct_22_18_01_01_IST_2020.jpg height=200 width=200></img></a>  </system-out>
</testsuite> <!-- MedicalLOCTestCases.CreateMarketingCensusRequest.CreateMarketingCensusRequest -->
