<?xml version="1.0" encoding="UTF-8"?>
<!-- Generated by org.testng.reporters.JUnitReportReporter -->
<testsuite skipped="0" hostname="DESKTOP-JO95MPE" name="VisionLOCTestCases.RenewalToPresentationCreation.RenewalRfpDataRequestConfirmation" tests="1" failures="0" timestamp="2020-10-21T16:05:22 IST" time="74.325" errors="0">
  <testcase name="rfpDataRequestConfirmation" time="74.325" classname="VisionLOCTestCases.RenewalToPresentationCreation.RenewalRfpDataRequestConfirmation"/>
  <system-out>
<a target="_blank" href=Wed_Oct_21_16_05_18_IST_2020.jpg>Click To See Screenshot</a> <br> <a target="_blank" href=Wed_Oct_21_16_05_18_IST_2020.jpg><img src=Wed_Oct_21_16_05_18_IST_2020.jpg height=200 width=200></img></a>  </system-out>
</testsuite> <!-- VisionLOCTestCases.RenewalToPresentationCreation.RenewalRfpDataRequestConfirmation -->
