<?xml version="1.0" encoding="UTF-8"?>
<!-- Generated by org.testng.reporters.JUnitReportReporter -->
<testsuite skipped="0" hostname="DESKTOP-JO95MPE" name="DentalLOCTestCases.RenewalToPresentationCreation.RenewalRfpDataRequestConfirmation" tests="1" failures="0" timestamp="2020-10-27T16:58:32 IST" time="77.052" errors="0">
  <testcase name="rfpDataRequestConfirmation" time="77.052" classname="DentalLOCTestCases.RenewalToPresentationCreation.RenewalRfpDataRequestConfirmation"/>
  <system-out>
<a target="_blank" href=Tue_Oct_27_16_49_05_IST_2020.jpg>Click To See Screenshot</a> <br> <a target="_blank" href=Tue_Oct_27_16_49_05_IST_2020.jpg><img src=Tue_Oct_27_16_49_05_IST_2020.jpg height=200 width=200></img></a>  </system-out>
</testsuite> <!-- DentalLOCTestCases.RenewalToPresentationCreation.RenewalRfpDataRequestConfirmation -->
