<?xml version="1.0" encoding="UTF-8"?>
<!-- Generated by org.testng.reporters.JUnitReportReporter -->
<testsuite skipped="0" hostname="DESKTOP-JO95MPE" name="DentalLOCTestCases.ClientMarketingPresentationDecisions.DocumentClientMeetingNotes" tests="1" failures="0" timestamp="2020-11-12T21:00:17 IST" time="123.408" errors="0">
  <testcase name="documentClientMeetingNotes" time="123.408" classname="DentalLOCTestCases.ClientMarketingPresentationDecisions.DocumentClientMeetingNotes"/>
  <system-out>
Login Successfully <a target="_blank" href=Thu_Nov_12_21_00_13_IST_2020.jpg>Click To See Screenshot</a> <br> <a target="_blank" href=Thu_Nov_12_21_00_13_IST_2020.jpg><img src=Thu_Nov_12_21_00_13_IST_2020.jpg height=200 width=200></img></a>  </system-out>
</testsuite> <!-- DentalLOCTestCases.ClientMarketingPresentationDecisions.DocumentClientMeetingNotes -->
