<?xml version="1.0" encoding="UTF-8"?>
<!-- Generated by org.testng.reporters.JUnitReportReporter -->
<testsuite skipped="0" hostname="DESKTOP-JO95MPE" name="MedicalLOCTestCases.CreateVendorExperience.CreateVendorExperience" tests="1" failures="0" timestamp="2020-10-22T17:27:05 IST" time="344.146" errors="0">
  <testcase name="createVendorExperience" time="344.146" classname="MedicalLOCTestCases.CreateVendorExperience.CreateVendorExperience"/>
  <system-out>
<a target="_blank" href=Thu_Oct_22_17_27_00_IST_2020.jpg>Click To See Screenshot</a> <br> <a target="_blank" href=Thu_Oct_22_17_27_00_IST_2020.jpg><img src=Thu_Oct_22_17_27_00_IST_2020.jpg height=200 width=200></img></a>  </system-out>
</testsuite> <!-- MedicalLOCTestCases.CreateVendorExperience.CreateVendorExperience -->
