<?xml version="1.0" encoding="UTF-8"?>
<!-- Generated by org.testng.reporters.JUnitReportReporter -->
<testsuite skipped="0" hostname="DESKTOP-JO95MPE" name="VisionLOCTestCases.RFPToPresentationCreation.RfpDataRequestConfirmation" tests="1" failures="0" timestamp="2020-10-19T16:20:20 IST" time="76.989" errors="0">
  <testcase name="rfpDataRequestConfirmation" time="76.989" classname="VisionLOCTestCases.RFPToPresentationCreation.RfpDataRequestConfirmation"/>
  <system-out>
<a target="_blank" href=Mon_Oct_19_16_20_15_IST_2020.jpg>Click To See Screenshot</a> <br> <a target="_blank" href=Mon_Oct_19_16_20_15_IST_2020.jpg><img src=Mon_Oct_19_16_20_15_IST_2020.jpg height=200 width=200></img></a>  </system-out>
</testsuite> <!-- VisionLOCTestCases.RFPToPresentationCreation.RfpDataRequestConfirmation -->
