<?xml version="1.0" encoding="UTF-8"?>
<!-- Generated by org.testng.reporters.JUnitReportReporter -->
<testsuite skipped="0" hostname="DESKTOP-JO95MPE" name="MedicalLOCTestCases.CreateIncumbentVendorDisruptionReport.CreateIncumbentVendorDisruptionReport" tests="1" failures="0" timestamp="2020-10-22T16:33:38 IST" time="312.514" errors="0">
  <testcase name="createIncumbentVendorDisruption" time="312.514" classname="MedicalLOCTestCases.CreateIncumbentVendorDisruptionReport.CreateIncumbentVendorDisruptionReport"/>
  <system-out>
<a target="_blank" href=Thu_Oct_22_16_33_33_IST_2020.jpg>Click To See Screenshot</a> <br> <a target="_blank" href=Thu_Oct_22_16_33_33_IST_2020.jpg><img src=Thu_Oct_22_16_33_33_IST_2020.jpg height=200 width=200></img></a>  </system-out>
</testsuite> <!-- MedicalLOCTestCases.CreateIncumbentVendorDisruptionReport.CreateIncumbentVendorDisruptionReport -->
