<?xml version="1.0" encoding="UTF-8"?>
<!-- Generated by org.testng.reporters.JUnitReportReporter -->
<testsuite skipped="0" hostname="DESKTOP-JO95MPE" name="MedicalLOCTestCases.RFPToPresentationCreation.RfpDataRequestConfirmation" tests="1" failures="0" timestamp="2020-10-22T16:05:53 IST" time="83.960" errors="0">
  <testcase name="rfpDataRequestConfirmation" time="83.960" classname="MedicalLOCTestCases.RFPToPresentationCreation.RfpDataRequestConfirmation"/>
  <system-out>
<a target="_blank" href=Thu_Oct_22_16_05_48_IST_2020.jpg>Click To See Screenshot</a> <br> <a target="_blank" href=Thu_Oct_22_16_05_48_IST_2020.jpg><img src=Thu_Oct_22_16_05_48_IST_2020.jpg height=200 width=200></img></a>  </system-out>
</testsuite> <!-- MedicalLOCTestCases.RFPToPresentationCreation.RfpDataRequestConfirmation -->
