<?xml version="1.0" encoding="UTF-8"?>
<!-- Generated by org.testng.reporters.JUnitReportReporter -->
<testsuite skipped="0" hostname="DESKTOP-JO95MPE" name="DentalLOCTestCases.ClientMarketingPresentationDecisions.SelectVendorSoldProposal" tests="1" failures="0" timestamp="2020-11-23T17:40:34 IST" time="91.926" errors="0">
  <testcase name="documentClientMeetingNotes" time="91.926" classname="DentalLOCTestCases.ClientMarketingPresentationDecisions.SelectVendorSoldProposal"/>
  <system-out>
<a target="_blank" href=Mon_Nov_23_17_40_29_IST_2020.jpg>Click To See Screenshot</a> <br> <a target="_blank" href=Mon_Nov_23_17_40_29_IST_2020.jpg><img src=Mon_Nov_23_17_40_29_IST_2020.jpg height=200 width=200></img></a>  </system-out>
</testsuite> <!-- DentalLOCTestCases.ClientMarketingPresentationDecisions.SelectVendorSoldProposal -->
