<?xml version="1.0" encoding="UTF-8"?>
<!-- Generated by org.testng.reporters.JUnitReportReporter -->
<testsuite skipped="0" hostname="DESKTOP-JO95MPE" name="DentalLOCTestCases.ClientMarketingPresentationDecisions.ReviewMarketingMeetingfollowupsDental" tests="1" failures="0" timestamp="2020-11-18T13:15:19 IST" time="400.392" errors="0">
  <testcase name="documentClientMeetingNotes" time="400.392" classname="DentalLOCTestCases.ClientMarketingPresentationDecisions.ReviewMarketingMeetingfollowupsDental"/>
  <system-out>
Login Successfully Login Successfully <a target="_blank" href=Wed_Nov_18_13_15_14_IST_2020.jpg>Click To See Screenshot</a> <br> <a target="_blank" href=Wed_Nov_18_13_15_14_IST_2020.jpg><img src=Wed_Nov_18_13_15_14_IST_2020.jpg height=200 width=200></img></a>  </system-out>
</testsuite> <!-- DentalLOCTestCases.ClientMarketingPresentationDecisions.ReviewMarketingMeetingfollowupsDental -->
