<?xml version="1.0" encoding="UTF-8"?>
<!-- Generated by org.testng.reporters.JUnitReportReporter -->
<testsuite skipped="0" hostname="DESKTOP-JO95MPE" name="DentalLOCTestCases.ClientMarketingPresentationDecisions.PeerReviewVendorMarketingNotificationsClientDecisionsDental" tests="1" failures="0" timestamp="2020-11-24T18:40:27 IST" time="110.520" errors="0">
  <testcase name="documentClientMeetingNotes" time="110.520" classname="DentalLOCTestCases.ClientMarketingPresentationDecisions.PeerReviewVendorMarketingNotificationsClientDecisionsDental"/>
  <system-out>
<a target="_blank" href=Tue_Nov_24_18_40_22_IST_2020.jpg>Click To See Screenshot</a> <br> <a target="_blank" href=Tue_Nov_24_18_40_22_IST_2020.jpg><img src=Tue_Nov_24_18_40_22_IST_2020.jpg height=200 width=200></img></a>  </system-out>
</testsuite> <!-- DentalLOCTestCases.ClientMarketingPresentationDecisions.PeerReviewVendorMarketingNotificationsClientDecisionsDental -->
