<?xml version="1.0" encoding="UTF-8"?>
<!-- Generated by org.testng.reporters.JUnitReportReporter -->
<testsuite skipped="0" hostname="DESKTOP-JO95MPE" name="DentalLOCTestCases.CreateVendorExperience.SelectModifyReportsforRFP" tests="1" failures="0" timestamp="2020-10-30T14:57:38 IST" time="83.322" errors="0">
  <testcase name="selectModifyReportsforRFP" time="83.322" classname="DentalLOCTestCases.CreateVendorExperience.SelectModifyReportsforRFP"/>
  <system-out>
<a target="_blank" href=Fri_Oct_30_14_57_34_IST_2020.jpg>Click To See Screenshot</a> <br> <a target="_blank" href=Fri_Oct_30_14_57_34_IST_2020.jpg><img src=Fri_Oct_30_14_57_34_IST_2020.jpg height=200 width=200></img></a>  </system-out>
</testsuite> <!-- DentalLOCTestCases.CreateVendorExperience.SelectModifyReportsforRFP -->
