<?xml version="1.0" encoding="UTF-8"?>
<!-- Generated by org.testng.reporters.JUnitReportReporter -->
<testsuite skipped="0" hostname="DESKTOP-JO95MPE" name="Renewal.CreateRenewalCensusRequest" tests="1" failures="0" timestamp="2020-10-15T13:39:28 IST" time="531.745" errors="0">
  <testcase name="createRenewalCensusRequest" time="531.745" classname="Renewal.CreateRenewalCensusRequest"/>
  <system-out>
Login Successfully Login Successfully Login Successfully Login Successfully <a target="_blank" href=Thu_Oct_15_12_58_50_IST_2020.jpg>Click To See Screenshot</a> <br> <a target="_blank" href=Thu_Oct_15_12_58_50_IST_2020.jpg><img src=Thu_Oct_15_12_58_50_IST_2020.jpg height=200 width=200></img></a>  </system-out>
</testsuite> <!-- Renewal.CreateRenewalCensusRequest -->
