<?xml version="1.0" encoding="UTF-8"?>
<!-- Generated by org.testng.reporters.JUnitReportReporter -->
<testsuite skipped="0" hostname="DESKTOP-JO95MPE" name="DentalLOCTestCases.ClientMarketingPresentationDecisions.CreatevendormarketingnotificationsclientsdecisionsDental" tests="1" failures="0" timestamp="2020-11-23T18:54:34 IST" time="108.678" errors="0">
  <testcase name="documentClientMeetingNotes" time="108.678" classname="DentalLOCTestCases.ClientMarketingPresentationDecisions.CreatevendormarketingnotificationsclientsdecisionsDental"/>
  <system-out>
<a target="_blank" href=Mon_Nov_23_18_54_30_IST_2020.jpg>Click To See Screenshot</a> <br> <a target="_blank" href=Mon_Nov_23_18_54_30_IST_2020.jpg><img src=Mon_Nov_23_18_54_30_IST_2020.jpg height=200 width=200></img></a>  </system-out>
</testsuite> <!-- DentalLOCTestCases.ClientMarketingPresentationDecisions.CreatevendormarketingnotificationsclientsdecisionsDental -->
