<?xml version="1.0" encoding="UTF-8"?>
<!-- Generated by org.testng.reporters.JUnitReportReporter -->
<testsuite skipped="0" hostname="DESKTOP-JO95MPE" name="DentalLOCTestCases.RenewalSelfFundedProjection.RenewalSelfFundedProjection" tests="1" failures="0" timestamp="2020-10-27T17:08:21 IST" time="11.144" errors="0">
  <testcase name="renewalSelfFundedProjection" time="11.144" classname="DentalLOCTestCases.RenewalSelfFundedProjection.RenewalSelfFundedProjection"/>
  <system-out>
<a target="_blank" href=Tue_Oct_27_17_08_17_IST_2020.jpg>Click To See Screenshot</a> <br> <a target="_blank" href=Tue_Oct_27_17_08_17_IST_2020.jpg><img src=Tue_Oct_27_17_08_17_IST_2020.jpg height=200 width=200></img></a>  </system-out>
</testsuite> <!-- DentalLOCTestCases.RenewalSelfFundedProjection.RenewalSelfFundedProjection -->
