<?xml version="1.0" encoding="UTF-8"?>
<!-- Generated by org.testng.reporters.JUnitReportReporter -->
<testsuite skipped="0" hostname="DESKTOP-JO95MPE" name="VisionLOCTestCases.CreateIncumbentVendorDisruptionReport.CreateIncumbentVendorDisruptionReport" tests="1" failures="0" timestamp="2020-10-20T13:37:36 IST" time="297.948" errors="0">
  <testcase name="createIncumbentVendorDisruption" time="297.948" classname="VisionLOCTestCases.CreateIncumbentVendorDisruptionReport.CreateIncumbentVendorDisruptionReport"/>
  <system-out>
<a target="_blank" href=Tue_Oct_20_13_37_32_IST_2020.jpg>Click To See Screenshot</a> <br> <a target="_blank" href=Tue_Oct_20_13_37_32_IST_2020.jpg><img src=Tue_Oct_20_13_37_32_IST_2020.jpg height=200 width=200></img></a>  </system-out>
</testsuite> <!-- VisionLOCTestCases.CreateIncumbentVendorDisruptionReport.CreateIncumbentVendorDisruptionReport -->
