<?xml version="1.0" encoding="UTF-8"?>
<!-- Generated by org.testng.reporters.JUnitReportReporter -->
<testsuite skipped="0" hostname="DESKTOP-JO95MPE" name="MedicalLOCTestCases.RenewalCreateCensusRequest.CreateRenewalCensusRequest" tests="1" failures="0" timestamp="2020-10-22T18:41:44 IST" time="532.233" errors="0">
  <testcase name="createRenewalCensusRequest" time="532.233" classname="MedicalLOCTestCases.RenewalCreateCensusRequest.CreateRenewalCensusRequest"/>
  <system-out>
Login Successfully Login Successfully Login Successfully Login Successfully <a target="_blank" href=Thu_Oct_22_18_41_40_IST_2020.jpg>Click To See Screenshot</a> <br> <a target="_blank" href=Thu_Oct_22_18_41_40_IST_2020.jpg><img src=Thu_Oct_22_18_41_40_IST_2020.jpg height=200 width=200></img></a>  </system-out>
</testsuite> <!-- MedicalLOCTestCases.RenewalCreateCensusRequest.CreateRenewalCensusRequest -->
