<?xml version="1.0" encoding="UTF-8"?>
<!-- Generated by org.testng.reporters.JUnitReportReporter -->
<testsuite skipped="0" hostname="DESKTOP-F13OLA2" name="TestCases.LoginTest" tests="1" failures="0" timestamp="2020-05-28T12:02:21 IST" time="4.695" errors="0">
  <testcase name="loginToLockTon" time="4.695" classname="TestCases.LoginTest"/>
  <system-out>
Login Successfully <a target="_blank" href=Thu_May_28_11_59_49_IST_2020.jpg>Click To See Screenshot</a> <br> <a target="_blank" href=Thu_May_28_11_59_49_IST_2020.jpg><img src=Thu_May_28_11_59_49_IST_2020.jpg height=200 width=200></img></a>  </system-out>
</testsuite> <!-- TestCases.LoginTest -->
