<?xml version="1.0" encoding="UTF-8"?>
<!-- Generated by org.testng.reporters.JUnitReportReporter -->
<testsuite skipped="0" hostname="DESKTOP-JO95MPE" name="MedicalLOCTestCases.RFPToPresentationCreation.CreateRFP" tests="1" failures="0" timestamp="2020-10-22T13:16:03 IST" time="224.518" errors="0">
  <testcase name="createRFP" time="224.518" classname="MedicalLOCTestCases.RFPToPresentationCreation.CreateRFP"/>
  <system-out>
<a target="_blank" href=Thu_Oct_22_13_15_59_IST_2020.jpg>Click To See Screenshot</a> <br> <a target="_blank" href=Thu_Oct_22_13_15_59_IST_2020.jpg><img src=Thu_Oct_22_13_15_59_IST_2020.jpg height=200 width=200></img></a>  </system-out>
</testsuite> <!-- MedicalLOCTestCases.RFPToPresentationCreation.CreateRFP -->
