<?xml version="1.0" encoding="UTF-8"?>
<!-- Generated by org.testng.reporters.JUnitReportReporter -->
<testsuite skipped="0" hostname="DESKTOP-JO95MPE" name="DentalLOCTestCases.CreateIncumbentVendorDisruptionReport.ValidateandScrubIncumbentDisruptionReport" tests="1" failures="0" timestamp="2020-10-30T13:05:35 IST" time="98.684" errors="0">
  <testcase name="validateandScrubIncumbentDisruptionReport" time="98.684" classname="DentalLOCTestCases.CreateIncumbentVendorDisruptionReport.ValidateandScrubIncumbentDisruptionReport"/>
  <system-out>
<a target="_blank" href=Fri_Oct_30_13_05_31_IST_2020.jpg>Click To See Screenshot</a> <br> <a target="_blank" href=Fri_Oct_30_13_05_31_IST_2020.jpg><img src=Fri_Oct_30_13_05_31_IST_2020.jpg height=200 width=200></img></a>  </system-out>
</testsuite> <!-- DentalLOCTestCases.CreateIncumbentVendorDisruptionReport.ValidateandScrubIncumbentDisruptionReport -->
