<?xml version="1.0" encoding="UTF-8"?>
<!-- Generated by org.testng.reporters.JUnitReportReporter -->
<testsuite skipped="0" hostname="DESKTOP-JO95MPE" name="DentalLOCTestCases.ClientMarketingPresentationDecisions.MarketingMeetingfollowupsDental" tests="1" failures="0" timestamp="2020-11-17T18:24:14 IST" time="134.053" errors="0">
  <testcase name="documentClientMeetingNotes" time="134.053" classname="DentalLOCTestCases.ClientMarketingPresentationDecisions.MarketingMeetingfollowupsDental"/>
  <system-out>
Login Successfully <a target="_blank" href=Tue_Nov_17_18_24_09_IST_2020.jpg>Click To See Screenshot</a> <br> <a target="_blank" href=Tue_Nov_17_18_24_09_IST_2020.jpg><img src=Tue_Nov_17_18_24_09_IST_2020.jpg height=200 width=200></img></a>  </system-out>
</testsuite> <!-- DentalLOCTestCases.ClientMarketingPresentationDecisions.MarketingMeetingfollowupsDental -->
