<?xml version="1.0" encoding="UTF-8"?>
<!-- Generated by org.testng.reporters.JUnitReportReporter -->
<testsuite skipped="0" hostname="DESKTOP-JO95MPE" name="DentalLOCTestCases.RFPToPresentationCreation.RfpDataRequestConfirmation" tests="1" failures="0" timestamp="2020-10-30T12:13:26 IST" time="70.584" errors="0">
  <testcase name="rfpDataRequestConfirmation" time="70.584" classname="DentalLOCTestCases.RFPToPresentationCreation.RfpDataRequestConfirmation"/>
  <system-out>
<a target="_blank" href=Fri_Oct_30_12_05_29_IST_2020.jpg>Click To See Screenshot</a> <br> <a target="_blank" href=Fri_Oct_30_12_05_29_IST_2020.jpg><img src=Fri_Oct_30_12_05_29_IST_2020.jpg height=200 width=200></img></a>  </system-out>
</testsuite> <!-- DentalLOCTestCases.RFPToPresentationCreation.RfpDataRequestConfirmation -->
