<?xml version="1.0" encoding="UTF-8"?>
<!-- Generated by org.testng.reporters.JUnitReportReporter -->
<testsuite skipped="0" hostname="DESKTOP-JO95MPE" name="VisionLOCTestCases.RFPToPresentationCreation.CreateRFP" tests="1" failures="0" timestamp="2020-10-19T14:19:52 IST" time="183.814" errors="0">
  <testcase name="createRFP" time="183.814" classname="VisionLOCTestCases.RFPToPresentationCreation.CreateRFP"/>
  <system-out>
<a target="_blank" href=Mon_Oct_19_14_19_47_IST_2020.jpg>Click To See Screenshot</a> <br> <a target="_blank" href=Mon_Oct_19_14_19_47_IST_2020.jpg><img src=Mon_Oct_19_14_19_47_IST_2020.jpg height=200 width=200></img></a>  </system-out>
</testsuite> <!-- VisionLOCTestCases.RFPToPresentationCreation.CreateRFP -->
