<?xml version="1.0" encoding="UTF-8"?>
<!-- Generated by org.testng.reporters.JUnitReportReporter -->
<testsuite skipped="0" hostname="DESKTOP-JO95MPE" name="VisionLOCTestCases.CreateVendorExperience.CreateVendorExperience" tests="1" failures="0" timestamp="2020-10-20T12:57:44 IST" time="336.787" errors="0">
  <testcase name="createVendorExperience" time="336.787" classname="VisionLOCTestCases.CreateVendorExperience.CreateVendorExperience"/>
  <system-out>
<a target="_blank" href=Tue_Oct_20_12_57_39_IST_2020.jpg>Click To See Screenshot</a> <br> <a target="_blank" href=Tue_Oct_20_12_57_39_IST_2020.jpg><img src=Tue_Oct_20_12_57_39_IST_2020.jpg height=200 width=200></img></a>  </system-out>
</testsuite> <!-- VisionLOCTestCases.CreateVendorExperience.CreateVendorExperience -->
