<?xml version="1.0" encoding="UTF-8"?>
<!-- Generated by org.testng.reporters.JUnitReportReporter -->
<testsuite skipped="0" hostname="DESKTOP-JO95MPE" name="Renewal.RenewalSelfFundedProjection" tests="1" failures="0" timestamp="2020-10-15T14:25:56 IST" time="118.273" errors="0">
  <testcase name="renewalSelfFundedProjection" time="118.273" classname="Renewal.RenewalSelfFundedProjection"/>
  <system-out>
Login Successfully <a target="_blank" href=Thu_Oct_15_14_25_51_IST_2020.jpg>Click To See Screenshot</a> <br> <a target="_blank" href=Thu_Oct_15_14_25_51_IST_2020.jpg><img src=Thu_Oct_15_14_25_51_IST_2020.jpg height=200 width=200></img></a>  </system-out>
</testsuite> <!-- Renewal.RenewalSelfFundedProjection -->
