<?xml version="1.0" encoding="UTF-8"?>
<!-- Generated by org.testng.reporters.JUnitReportReporter -->
<testsuite skipped="0" hostname="DESKTOP-JO95MPE" name="MedicalLOCTestCases.RenewalCreateRequestVendorDisruptionReport.RenewalCreateRequestVendorDisruptionReport" tests="1" failures="0" timestamp="2020-10-22T18:55:39 IST" time="281.657" errors="0">
  <testcase name="renewalCreateRequestVendorDisruptionReport" time="281.657" classname="MedicalLOCTestCases.RenewalCreateRequestVendorDisruptionReport.RenewalCreateRequestVendorDisruptionReport"/>
  <system-out>
<a target="_blank" href=Thu_Oct_22_18_55_34_IST_2020.jpg>Click To See Screenshot</a> <br> <a target="_blank" href=Thu_Oct_22_18_55_34_IST_2020.jpg><img src=Thu_Oct_22_18_55_34_IST_2020.jpg height=200 width=200></img></a>  </system-out>
</testsuite> <!-- MedicalLOCTestCases.RenewalCreateRequestVendorDisruptionReport.RenewalCreateRequestVendorDisruptionReport -->
