<?xml version="1.0" encoding="UTF-8"?>
<!-- Generated by org.testng.reporters.JUnitReportReporter -->
<testsuite skipped="0" hostname="DESKTOP-JO95MPE" name="Renewal.RenewalCreateRequestVendorDisruptionReport" tests="1" failures="0" timestamp="2020-10-15T14:00:30 IST" time="280.107" errors="0">
  <testcase name="renewalCreateRequestVendorDisruptionReport" time="280.107" classname="Renewal.RenewalCreateRequestVendorDisruptionReport"/>
  <system-out>
<a target="_blank" href=Thu_Oct_15_13_59_25_IST_2020.jpg>Click To See Screenshot</a> <br> <a target="_blank" href=Thu_Oct_15_13_59_25_IST_2020.jpg><img src=Thu_Oct_15_13_59_25_IST_2020.jpg height=200 width=200></img></a>  </system-out>
</testsuite> <!-- Renewal.RenewalCreateRequestVendorDisruptionReport -->
