<?xml version="1.0" encoding="UTF-8"?>
<!-- Generated by org.testng.reporters.JUnitReportReporter -->
<testsuite skipped="0" hostname="DESKTOP-JO95MPE" name="VisionLOCTestCases.RenewalCreateCensusRequest.CreateRenewalCensusRequest" tests="1" failures="0" timestamp="2020-10-21T16:49:58 IST" time="140.919" errors="0">
  <testcase name="createRenewalCensusRequest" time="140.919" classname="VisionLOCTestCases.RenewalCreateCensusRequest.CreateRenewalCensusRequest"/>
  <system-out>
Login Successfully Login Successfully <a target="_blank" href=Wed_Oct_21_16_49_53_IST_2020.jpg>Click To See Screenshot</a> <br> <a target="_blank" href=Wed_Oct_21_16_49_53_IST_2020.jpg><img src=Wed_Oct_21_16_49_53_IST_2020.jpg height=200 width=200></img></a>  </system-out>
</testsuite> <!-- VisionLOCTestCases.RenewalCreateCensusRequest.CreateRenewalCensusRequest -->
