<?xml version="1.0" encoding="UTF-8"?>
<!-- Generated by org.testng.reporters.JUnitReportReporter -->
<testsuite skipped="0" hostname="DESKTOP-JO95MPE" name="DentalLOCTestCases.CreateRFP" tests="1" failures="0" timestamp="2020-10-09T10:01:52 IST" time="157.471" errors="0">
  <testcase name="createRFP" time="157.471" classname="DentalLOCTestCases.CreateRFP"/>
  <system-out>
<a target="_blank" href=Fri_Oct_09_09_58_39_IST_2020.jpg>Click To See Screenshot</a> <br> <a target="_blank" href=Fri_Oct_09_09_58_39_IST_2020.jpg><img src=Fri_Oct_09_09_58_39_IST_2020.jpg height=200 width=200></img></a>  </system-out>
</testsuite> <!-- DentalLOCTestCases.CreateRFP -->
