<?xml version="1.0" encoding="UTF-8"?>
<!-- Generated by org.testng.reporters.JUnitReportReporter -->
<testsuite skipped="0" hostname="DESKTOP-JO95MPE" name="DentalLOCTestCases.ClientMarketingPresentationDecisions.ProcessAssociateToUpdateClientPresentatiom_ADHOC" tests="1" failures="0" timestamp="2020-11-17T12:42:23 IST" time="142.077" errors="0">
  <testcase name="documentClientMeetingNotes" time="142.077" classname="DentalLOCTestCases.ClientMarketingPresentationDecisions.ProcessAssociateToUpdateClientPresentatiom_ADHOC"/>
  <system-out>
Login Successfully <a target="_blank" href=Tue_Nov_17_12_42_18_IST_2020.jpg>Click To See Screenshot</a> <br> <a target="_blank" href=Tue_Nov_17_12_42_18_IST_2020.jpg><img src=Tue_Nov_17_12_42_18_IST_2020.jpg height=200 width=200></img></a>  </system-out>
</testsuite> <!-- DentalLOCTestCases.ClientMarketingPresentationDecisions.ProcessAssociateToUpdateClientPresentatiom_ADHOC -->
