<?xml version="1.0" encoding="UTF-8"?>
<!-- Generated by org.testng.reporters.JUnitReportReporter -->
<testsuite skipped="0" hostname="DESKTOP-JO95MPE" name="VisionLOCTestCases.CreateMarketingCensusRequest.CreateMarketingCensusRequest" tests="1" failures="0" timestamp="2020-10-20T16:44:02 IST" time="115.387" errors="0">
  <testcase name="createMarketingCensusRequest" time="115.387" classname="VisionLOCTestCases.CreateMarketingCensusRequest.CreateMarketingCensusRequest"/>
  <system-out>
Login Successfully <a target="_blank" href=Tue_Oct_20_16_43_58_IST_2020.jpg>Click To See Screenshot</a> <br> <a target="_blank" href=Tue_Oct_20_16_43_58_IST_2020.jpg><img src=Tue_Oct_20_16_43_58_IST_2020.jpg height=200 width=200></img></a>  </system-out>
</testsuite> <!-- VisionLOCTestCases.CreateMarketingCensusRequest.CreateMarketingCensusRequest -->
