<?xml version="1.0" encoding="UTF-8"?>
<!-- Generated by org.testng.reporters.JUnitReportReporter -->
<testsuite skipped="0" hostname="DESKTOP-JO95MPE" name="DentalLOCTestCases.ClientMarketingPresentationDecisions.ScheduleClientMarketingMeeting" tests="1" failures="0" timestamp="2020-11-11T17:22:47 IST" time="165.570" errors="0">
  <testcase name="scheduleClientMarketingMeeting" time="165.570" classname="DentalLOCTestCases.ClientMarketingPresentationDecisions.ScheduleClientMarketingMeeting"/>
  <system-out>
Login Successfully <a target="_blank" href=Wed_Nov_11_17_22_42_IST_2020.jpg>Click To See Screenshot</a> <br> <a target="_blank" href=Wed_Nov_11_17_22_42_IST_2020.jpg><img src=Wed_Nov_11_17_22_42_IST_2020.jpg height=200 width=200></img></a>  </system-out>
</testsuite> <!-- DentalLOCTestCases.ClientMarketingPresentationDecisions.ScheduleClientMarketingMeeting -->
