<?xml version="1.0" encoding="UTF-8"?>
<!-- Generated by org.testng.reporters.JUnitReportReporter -->
<testsuite skipped="0" hostname="DESKTOP-JO95MPE" name="DentalLOCTestCases.ClientMarketingPresentationDecisions.PeerReviewMarketingPresentationDental" tests="1" failures="0" timestamp="2020-11-18T15:24:31 IST" time="98.837" errors="0">
  <testcase name="documentClientMeetingNotes" time="98.837" classname="DentalLOCTestCases.ClientMarketingPresentationDecisions.PeerReviewMarketingPresentationDental"/>
  <system-out>
<a target="_blank" href=Wed_Nov_18_15_24_27_IST_2020.jpg>Click To See Screenshot</a> <br> <a target="_blank" href=Wed_Nov_18_15_24_27_IST_2020.jpg><img src=Wed_Nov_18_15_24_27_IST_2020.jpg height=200 width=200></img></a>  </system-out>
</testsuite> <!-- DentalLOCTestCases.ClientMarketingPresentationDecisions.PeerReviewMarketingPresentationDental -->
