<?xml version="1.0" encoding="UTF-8"?>
<!-- Generated by org.testng.reporters.JUnitReportReporter -->
<testsuite skipped="0" hostname="DESKTOP-JO95MPE" name="DentalLOCTestCases.CreateIncumbentVendorDisruptionReport.CreateIncumbentVendorDisruptionReport" tests="1" failures="0" timestamp="2020-10-26T20:28:41 IST" time="293.421" errors="0">
  <testcase name="createIncumbentVendorDisruption" time="293.421" classname="DentalLOCTestCases.CreateIncumbentVendorDisruptionReport.CreateIncumbentVendorDisruptionReport"/>
  <system-out>
<a target="_blank" href=Mon_Oct_26_20_27_44_IST_2020.jpg>Click To See Screenshot</a> <br> <a target="_blank" href=Mon_Oct_26_20_27_44_IST_2020.jpg><img src=Mon_Oct_26_20_27_44_IST_2020.jpg height=200 width=200></img></a>  </system-out>
</testsuite> <!-- DentalLOCTestCases.CreateIncumbentVendorDisruptionReport.CreateIncumbentVendorDisruptionReport -->
